<?xml version="1.0" encoding="UTF-8"?>
<testng-results ignored="0" total="4" passed="4" failed="0" skipped="0">
  <reporter-output>
  </reporter-output>
  <suite started-at="2024-03-29T23:51:36 IST" name="Suite for Cross Browser Tests" finished-at="2024-03-29T23:52:34 IST" duration-ms="58254">
    <groups>
    </groups>
    <test started-at="2024-03-29T23:51:36 IST" name="Tests on Chrome Browser" finished-at="2024-03-29T23:52:02 IST" duration-ms="26280">
      <class name="tests.TestLoginLogoutPage">
        <test-method is-config="true" signature="setup(java.lang.String)[pri:0, instance:tests.TestLoginLogoutPage@313ac989]" started-at="2024-03-29T23:51:36 IST" name="setup" finished-at="2024-03-29T23:51:37 IST" duration-ms="1759" status="PASS">
          <params>
            <param index="0">
              <value>
                <![CDATA[chrome]]>
              </value>
            </param>
          </params>
          <reporter-output>
          </reporter-output>
        </test-method> <!-- setup -->
        <test-method signature="testLoginPage()[pri:0, instance:tests.TestLoginLogoutPage@313ac989]" started-at="2024-03-29T23:51:37 IST" name="testLoginPage" finished-at="2024-03-29T23:52:00 IST" duration-ms="22940" status="PASS">
          <reporter-output>
          </reporter-output>
        </test-method> <!-- testLoginPage -->
        <test-method signature="testLogoutPage()[pri:0, instance:tests.TestLoginLogoutPage@313ac989]" started-at="2024-03-29T23:52:00 IST" name="testLogoutPage" finished-at="2024-03-29T23:52:02 IST" duration-ms="1312" status="PASS">
          <reporter-output>
          </reporter-output>
        </test-method> <!-- testLogoutPage -->
        <test-method is-config="true" signature="tearDown()[pri:0, instance:tests.TestLoginLogoutPage@313ac989]" started-at="2024-03-29T23:52:02 IST" name="tearDown" finished-at="2024-03-29T23:52:02 IST" duration-ms="219" status="PASS">
          <reporter-output>
          </reporter-output>
        </test-method> <!-- tearDown -->
      </class> <!-- tests.TestLoginLogoutPage -->
    </test> <!-- Tests on Chrome Browser -->
    <test started-at="2024-03-29T23:52:02 IST" name="Tests on Edge Browser" finished-at="2024-03-29T23:52:34 IST" duration-ms="31928">
      <class name="tests.TestLoginLogoutPage">
        <test-method is-config="true" signature="setup(java.lang.String)[pri:0, instance:tests.TestLoginLogoutPage@45752059]" started-at="2024-03-29T23:52:02 IST" name="setup" finished-at="2024-03-29T23:52:03 IST" duration-ms="1240" status="PASS">
          <params>
            <param index="0">
              <value>
                <![CDATA[edge]]>
              </value>
            </param>
          </params>
          <reporter-output>
          </reporter-output>
        </test-method> <!-- setup -->
        <test-method signature="testLoginPage()[pri:0, instance:tests.TestLoginLogoutPage@45752059]" started-at="2024-03-29T23:52:03 IST" name="testLoginPage" finished-at="2024-03-29T23:52:27 IST" duration-ms="24028" status="PASS">
          <reporter-output>
          </reporter-output>
        </test-method> <!-- testLoginPage -->
        <test-method signature="testLogoutPage()[pri:0, instance:tests.TestLoginLogoutPage@45752059]" started-at="2024-03-29T23:52:27 IST" name="testLogoutPage" finished-at="2024-03-29T23:52:32 IST" duration-ms="5328" status="PASS">
          <reporter-output>
          </reporter-output>
        </test-method> <!-- testLogoutPage -->
        <test-method is-config="true" signature="tearDown()[pri:0, instance:tests.TestLoginLogoutPage@45752059]" started-at="2024-03-29T23:52:32 IST" name="tearDown" finished-at="2024-03-29T23:52:34 IST" duration-ms="1327" status="PASS">
          <reporter-output>
          </reporter-output>
        </test-method> <!-- tearDown -->
      </class> <!-- tests.TestLoginLogoutPage -->
    </test> <!-- Tests on Edge Browser -->
  </suite> <!-- Suite for Cross Browser Tests -->
</testng-results>
